<?xml version="1.0" encoding="UTF-8"?>
<!-- Generated by org.testng.reporters.JUnitXMLReporter -->
<testsuite hostname="Admin_SRV-PC" ignored="0" name="Default test" tests="5" failures="0" timestamp="2022-06-11T18:29:51 IST" time="0.162" errors="0">
  <testcase name="jaggedarray" time="0.018" classname="javaPrograms.array"/>
  <testcase name="loop1ench" time="0.006" classname="javaPrograms.array"/>
  <testcase name="loopEnhance" time="0.004" classname="javaPrograms.array"/>
  <testcase name="onedarray" time="0.005" classname="javaPrograms.array"/>
  <testcase name="twodarray" time="0.003" classname="javaPrograms.array"/>
</testsuite> <!-- Default test -->
