<?xml version="1.0" encoding="UTF-8"?>
<!-- Generated by org.testng.reporters.JUnitXMLReporter -->
<testsuite hostname="Admin_SRV-PC" ignored="0" name="Default test" tests="3" failures="0" timestamp="2022-05-30T22:22:34 IST" time="0.081" errors="0">
  <testcase name="addstring" time="0.01" classname="javaPrograms.Revresestring"/>
  <testcase name="palendiromstring" time="0.002" classname="javaPrograms.Revresestring"/>
  <testcase name="reverseString" time="0.002" classname="javaPrograms.Revresestring"/>
</testsuite> <!-- Default test -->
