<?xml version="1.0" encoding="UTF-8"?>
<testng-results skipped="0" failed="0" ignored="0" total="1" passed="1">
  <reporter-output>
  </reporter-output>
  <suite name="Default suite" duration-ms="90" started-at="2022-05-16T22:04:59 IST" finished-at="2022-05-16T22:04:59 IST">
    <groups>
    </groups>
    <test name="Default test" duration-ms="90" started-at="2022-05-16T22:04:59 IST" finished-at="2022-05-16T22:04:59 IST">
      <class name="javaPrograms.CollectionDemo">
        <test-method status="PASS" signature="Collectionclass()[pri:0, instance:javaPrograms.CollectionDemo@168ddbd]" name="Collectionclass" duration-ms="15" started-at="2022-05-16T22:04:59 IST" finished-at="2022-05-16T22:04:59 IST">
          <reporter-output>
          </reporter-output>
        </test-method> <!-- Collectionclass -->
      </class> <!-- javaPrograms.CollectionDemo -->
    </test> <!-- Default test -->
  </suite> <!-- Default suite -->
</testng-results>
